
Circuit 1 cell nfet_03v3 and Circuit 2 cell nfet_03v3 are black boxes.
Warning: Equate pins:  cell nfet_03v3 is a placeholder, treated as a black box.
Warning: Equate pins:  cell nfet_03v3 is a placeholder, treated as a black box.

Subcircuit pins:
Circuit 1: nfet_03v3                       |Circuit 2: nfet_03v3                       
-------------------------------------------|-------------------------------------------
1                                          |1                                          
2                                          |2                                          
3                                          |3                                          
4                                          |4                                          
---------------------------------------------------------------------------------------
Cell pin lists are equivalent.
Device classes nfet_03v3 and nfet_03v3 are equivalent.
Flattening unmatched subcell nfet_03v3_RPTYYZ in circuit diffpairtest (0)(4 instances)

Class diffpairtest (0):  Merged 14 parallel devices.
Class diffpairtest (1):  Merged 2 parallel devices.
Subcircuit summary:
Circuit 1: diffpairtest                    |Circuit 2: diffpairtest                    
-------------------------------------------|-------------------------------------------
nfet_03v3 (20->6)                          |nfet_03v3 (4->2) **Mismatch**              
Number of devices: 6 **Mismatch**          |Number of devices: 2 **Mismatch**          
Number of nets: 9 **Mismatch**             |Number of nets: 5 **Mismatch**             
---------------------------------------------------------------------------------------
NET mismatches: Class fragments follow (with fanout counts):
Circuit 1: diffpairtest                    |Circuit 2: diffpairtest                    

---------------------------------------------------------------------------------------
Net: Vin1                                  |Net: Vin1                                  
  nfet_03v3/2 = 1                          |  nfet_03v3/2 = 1                          
                                           |                                           
Net: Vin2                                  |Net: Vin2                                  
  nfet_03v3/2 = 1                          |  nfet_03v3/2 = 1                          
                                           |                                           
Net: Vd1                                   |Net: Vd1                                   
  nfet_03v3/(1|3) = 3                      |  nfet_03v3/(1|3) = 1                      
                                           |                                           
Net: Vd2                                   |Net: Vd2                                   
  nfet_03v3/(1|3) = 3                      |  nfet_03v3/(1|3) = 1                      
                                           |                                           
Net: VSS                                   |Net: VSS                                   
  nfet_03v3/(1|3) = 6                      |  nfet_03v3/(1|3) = 2                      
  nfet_03v3/4 = 6                          |  nfet_03v3/4 = 2                          
                                           |                                           
Net: m1_11640_3135#                        |(no matching net)                          
  nfet_03v3/2 = 1                          |                                           
                                           |                                           
Net: m1_11640_2575#                        |(no matching net)                          
  nfet_03v3/2 = 1                          |                                           
                                           |                                           
Net: m1_10425_2575#                        |(no matching net)                          
  nfet_03v3/2 = 1                          |                                           
                                           |                                           
Net: a_10430_3135#                         |(no matching net)                          
  nfet_03v3/2 = 1                          |                                           
---------------------------------------------------------------------------------------
DEVICE mismatches: Class fragments follow (with node fanout counts):
Circuit 1: diffpairtest                    |Circuit 2: diffpairtest                    

---------------------------------------------------------------------------------------
Instance: nfet_03v3_RPTYYZ:XM9/nfet_03v3:0 |Instance: nfet_03v3:M9                     
  (1,3) = (12,3)                           |  (1,3) = (4,1)                            
  2 = 1                                    |  2 = 1                                    
  4 = 12                                   |  4 = 4                                    
                                           |                                           
Instance: nfet_03v3_RPTYYZ:XM9/nfet_03v3:1 |Instance: nfet_03v3:M10                    
  (1,3) = (12,3)                           |  (1,3) = (4,1)                            
  2 = 1                                    |  2 = 1                                    
  4 = 12                                   |  4 = 4                                    
                                           |                                           
Instance: nfet_03v3_RPTYYZ:XM20/nfet_03v3: |(no matching instance)                     
  (1,3) = (12,3)                           |                                           
  2 = 1                                    |                                           
  4 = 12                                   |                                           
                                           |                                           
                                           |                                           
Instance: nfet_03v3_RPTYYZ:XM20/nfet_03v3: |(no matching instance)                     
  (1,3) = (12,3)                           |                                           
  2 = 1                                    |                                           
  4 = 12                                   |                                           
                                           |                                           
                                           |                                           
Instance: nfet_03v3_RPTYYZ_0/nfet_03v3:0   |(no matching instance)                     
  (1,3) = (12,3)                           |                                           
  2 = 1                                    |                                           
  4 = 12                                   |                                           
                                           |                                           
                                           |                                           
Instance: nfet_03v3_RPTYYZ:XM10/nfet_03v3: |(no matching instance)                     
  (1,3) = (12,3)                           |                                           
  2 = 1                                    |                                           
  4 = 12                                   |                                           
                                           |                                           
---------------------------------------------------------------------------------------
Netlists do not match.
Port matching may fail to disambiguate symmetries.

Subcircuit pins:
Circuit 1: diffpairtest                    |Circuit 2: diffpairtest                    
-------------------------------------------|-------------------------------------------
VSS                                        |Vin1 **Mismatch**                          
Vin1                                       |Vin2 **Mismatch**                          
Vin2                                       |Vd2 **Mismatch**                           
Cell pin lists are equivalent.
Device classes diffpairtest and diffpairtest are equivalent.

Final result: Netlists do not match.
Port matching may fail to disambiguate symmetries.
