
Circuit 1 cell pfet_03v3 and Circuit 2 cell pfet_03v3 are black boxes.
Warning: Equate pins:  cell pfet_03v3 is a placeholder, treated as a black box.
Warning: Equate pins:  cell pfet_03v3 is a placeholder, treated as a black box.

Subcircuit pins:
Circuit 1: pfet_03v3                       |Circuit 2: pfet_03v3                       
-------------------------------------------|-------------------------------------------
1                                          |1                                          
2                                          |2                                          
3                                          |3                                          
4                                          |4                                          
---------------------------------------------------------------------------------------
Cell pin lists are equivalent.
Device classes pfet_03v3 and pfet_03v3 are equivalent.

Circuit 1 cell nfet_03v3 and Circuit 2 cell nfet_03v3 are black boxes.
Warning: Equate pins:  cell nfet_03v3 is a placeholder, treated as a black box.
Warning: Equate pins:  cell nfet_03v3 is a placeholder, treated as a black box.

Subcircuit pins:
Circuit 1: nfet_03v3                       |Circuit 2: nfet_03v3                       
-------------------------------------------|-------------------------------------------
1                                          |1                                          
2                                          |2                                          
3                                          |3                                          
4                                          |4                                          
---------------------------------------------------------------------------------------
Cell pin lists are equivalent.
Device classes nfet_03v3 and nfet_03v3 are equivalent.

Subcircuit summary:
Circuit 1: inv2                            |Circuit 2: inv2                            
-------------------------------------------|-------------------------------------------
pfet_03v3 (1)                              |pfet_03v3 (1)                              
nfet_03v3 (1)                              |nfet_03v3 (1)                              
Number of devices: 2                       |Number of devices: 2                       
Number of nets: 4                          |Number of nets: 4                          
---------------------------------------------------------------------------------------
Netlists match uniquely.

Subcircuit pins:
Circuit 1: inv2                            |Circuit 2: inv2                            
-------------------------------------------|-------------------------------------------
out                                        |out                                        
in                                         |in                                         
vdd                                        |vdd                                        
vss                                        |vss                                        
---------------------------------------------------------------------------------------
Cell pin lists are equivalent.
Device classes inv2 and inv2 are equivalent.

Class nand2 (0):  Merged 2 parallel devices.
Subcircuit summary:
Circuit 1: nand2                           |Circuit 2: nand2                           
-------------------------------------------|-------------------------------------------
nfet_03v3 (4->2)                           |nfet_03v3 (4->2)                           
pfet_03v3 (2)                              |pfet_03v3 (2)                              
Number of devices: 4                       |Number of devices: 4                       
Number of nets: 6                          |Number of nets: 6                          
---------------------------------------------------------------------------------------
Netlists match uniquely.

Subcircuit pins:
Circuit 1: nand2                           |Circuit 2: nand2                           
-------------------------------------------|-------------------------------------------
VDD                                        |VDD                                        
OUT                                        |OUT                                        
VSS                                        |VSS                                        
B                                          |B                                          
A                                          |A                                          
---------------------------------------------------------------------------------------
Cell pin lists are equivalent.
Device classes nand2 and nand2 are equivalent.

Subcircuit summary:
Circuit 1: and2                            |Circuit 2: and2                            
-------------------------------------------|-------------------------------------------
inv2 (1)                                   |inv2 (1)                                   
nand2 (1)                                  |nand2 (1)                                  
Number of devices: 2                       |Number of devices: 2                       
Number of nets: 6                          |Number of nets: 6                          
---------------------------------------------------------------------------------------
Netlists match uniquely.

Subcircuit pins:
Circuit 1: and2                            |Circuit 2: and2                            
-------------------------------------------|-------------------------------------------
B                                          |B                                          
A                                          |A                                          
OUT                                        |OUT                                        
VDD                                        |VDD                                        
VSS                                        |VSS                                        
---------------------------------------------------------------------------------------
Cell pin lists are equivalent.
Device classes and2 and and2 are equivalent.

Final result: Circuits match uniquely.
.
