
Circuit 1 cell nfet_03v3 and Circuit 2 cell nfet_03v3 are black boxes.
Warning: Equate pins:  cell nfet_03v3 is a placeholder, treated as a black box.
Warning: Equate pins:  cell nfet_03v3 is a placeholder, treated as a black box.

Subcircuit pins:
Circuit 1: nfet_03v3                       |Circuit 2: nfet_03v3                       
-------------------------------------------|-------------------------------------------
1                                          |1                                          
2                                          |2                                          
3                                          |3                                          
4                                          |4                                          
---------------------------------------------------------------------------------------
Cell pin lists are equivalent.
Device classes nfet_03v3 and nfet_03v3 are equivalent.

Circuit 1 cell pfet_03v3 and Circuit 2 cell pfet_03v3 are black boxes.
Warning: Equate pins:  cell pfet_03v3 is a placeholder, treated as a black box.
Warning: Equate pins:  cell pfet_03v3 is a placeholder, treated as a black box.

Subcircuit pins:
Circuit 1: pfet_03v3                       |Circuit 2: pfet_03v3                       
-------------------------------------------|-------------------------------------------
1                                          |1                                          
2                                          |2                                          
3                                          |3                                          
4                                          |4                                          
---------------------------------------------------------------------------------------
Cell pin lists are equivalent.
Device classes pfet_03v3 and pfet_03v3 are equivalent.
Flattening unmatched subcell and2 in circuit 2inmux (1)(2 instances)
Flattening unmatched subcell nand2 in circuit 2inmux (1)(2 instances)
Flattening unmatched subcell inv2 in circuit 2inmux (1)(3 instances)
Flattening unmatched subcell or2 in circuit 2inmux (1)(1 instance)
Flattening unmatched subcell nor2 in circuit 2inmux (1)(1 instance)
Flattening unmatched subcell inv2 in circuit 2inmux (1)(1 instance)

Class 2inmux (0):  Merged 6 parallel devices.
Subcircuit summary:
Circuit 1: 2inmux                          |Circuit 2: 2inmux                          
-------------------------------------------|-------------------------------------------
pfet_03v3 (12->10)                         |pfet_03v3 (12->10)                         
nfet_03v3 (14->10)                         |nfet_03v3 (14->10)                         
Number of devices: 20                      |Number of devices: 20                      
Number of nets: 15                         |Number of nets: 15                         
---------------------------------------------------------------------------------------
Netlists match uniquely.

Subcircuit pins:
Circuit 1: 2inmux                          |Circuit 2: 2inmux                          
-------------------------------------------|-------------------------------------------
Bit                                        |Bit                                        
In                                         |In                                         
OUT                                        |OUT                                        
VSS                                        |VSS                                        
VDD                                        |VDD                                        
Load                                       |Load                                       
---------------------------------------------------------------------------------------
Cell pin lists are equivalent.
Device classes 2inmux and 2inmux are equivalent.
Flattening unmatched subcell nand3 in circuit dffrs (1)(6 instances)

Subcircuit summary:
Circuit 1: dffrs                           |Circuit 2: dffrs                           
-------------------------------------------|-------------------------------------------
nfet_03v3 (18)                             |nfet_03v3 (18)                             
pfet_03v3 (18)                             |pfet_03v3 (18)                             
Number of devices: 36                      |Number of devices: 36                      
Number of nets: 24                         |Number of nets: 24                         
---------------------------------------------------------------------------------------
Netlists match uniquely.

Subcircuit pins:
Circuit 1: dffrs                           |Circuit 2: dffrs                           
-------------------------------------------|-------------------------------------------
vdd                                        |vdd                                        
setb                                       |setb                                       
clk                                        |clk                                        
resetb                                     |resetb                                     
Q                                          |Q                                          
Qb                                         |Qb                                         
vss                                        |vss                                        
d                                          |d                                          
---------------------------------------------------------------------------------------
Cell pin lists are equivalent.
Device classes dffrs and dffrs are equivalent.

Subcircuit summary:
Circuit 1: adc_PISO                        |Circuit 2: adc_PISO                        
-------------------------------------------|-------------------------------------------
2inmux (6)                                 |2inmux (6)                                 
dffrs (6)                                  |dffrs (6)                                  
Number of devices: 12                      |Number of devices: 12                      
Number of nets: 28                         |Number of nets: 28                         
---------------------------------------------------------------------------------------
Netlists match uniquely.

Subcircuit pins:
Circuit 1: adc_PISO                        |Circuit 2: adc_PISO                        
-------------------------------------------|-------------------------------------------
B6                                         |B6                                         
B1                                         |B1                                         
B5                                         |B5                                         
B2                                         |B2                                         
B4                                         |B4                                         
B3                                         |B3                                         
serial_out                                 |serial_out                                 
avss                                       |avss                                       
avdd                                       |avdd                                       
load                                       |load                                       
clk                                        |clk                                        
---------------------------------------------------------------------------------------
Cell pin lists are equivalent.
Device classes adc_PISO and adc_PISO are equivalent.

Final result: Circuits match uniquely.
.
