
Circuit 1 cell nfet_03v3 and Circuit 2 cell nfet_03v3 are black boxes.
Equate elements:  no current cell.
Device classes nfet_03v3 and nfet_03v3 are equivalent.

Circuit 1 cell pfet_03v3 and Circuit 2 cell pfet_03v3 are black boxes.
Equate elements:  no current cell.
Device classes pfet_03v3 and pfet_03v3 are equivalent.

Subcircuit summary:
Circuit 1: osu_sc_and2_1                   |Circuit 2: osu_sc_and2_1                   
-------------------------------------------|-------------------------------------------
nfet_03v3 (3)                              |nfet_03v3 (3)                              
pfet_03v3 (3)                              |pfet_03v3 (3)                              
Number of devices: 6                       |Number of devices: 6                       
Number of nets: 7                          |Number of nets: 7                          
---------------------------------------------------------------------------------------
Netlists match uniquely.

Subcircuit pins:
Circuit 1: osu_sc_and2_1                   |Circuit 2: osu_sc_and2_1                   
-------------------------------------------|-------------------------------------------
VDD                                        |VDD                                        
A                                          |A                                          
B                                          |B                                          
Y                                          |Y                                          
VSS                                        |VSS                                        
---------------------------------------------------------------------------------------
Cell pin lists are equivalent.
Device classes osu_sc_and2_1 and osu_sc_and2_1 are equivalent.

Final result: Circuits match uniquely.
.
