
Circuit 1 cell nfet_03v3 and Circuit 2 cell nfet_03v3 are black boxes.
Warning: Equate pins:  cell nfet_03v3 is a placeholder, treated as a black box.
Warning: Equate pins:  cell nfet_03v3 is a placeholder, treated as a black box.

Subcircuit pins:
Circuit 1: nfet_03v3                       |Circuit 2: nfet_03v3                       
-------------------------------------------|-------------------------------------------
1                                          |1                                          
2                                          |2                                          
3                                          |3                                          
4                                          |4                                          
---------------------------------------------------------------------------------------
Cell pin lists are equivalent.
Device classes nfet_03v3 and nfet_03v3 are equivalent.

Circuit 1 cell pfet_03v3 and Circuit 2 cell pfet_03v3 are black boxes.
Warning: Equate pins:  cell pfet_03v3 is a placeholder, treated as a black box.
Warning: Equate pins:  cell pfet_03v3 is a placeholder, treated as a black box.

Subcircuit pins:
Circuit 1: pfet_03v3                       |Circuit 2: pfet_03v3                       
-------------------------------------------|-------------------------------------------
1                                          |1                                          
2                                          |2                                          
3                                          |3                                          
4                                          |4                                          
---------------------------------------------------------------------------------------
Cell pin lists are equivalent.
Device classes pfet_03v3 and pfet_03v3 are equivalent.
Flattening unmatched subcell nfet_03v3_EPF4UP in circuit nand3 (0)(1 instance)
Flattening unmatched subcell pfet_03v3_54RA84 in circuit nand3 (0)(1 instance)

Subcircuit summary:
Circuit 1: nand3                           |Circuit 2: nand3                           
-------------------------------------------|-------------------------------------------
nfet_03v3 (3)                              |nfet_03v3 (3)                              
pfet_03v3 (3)                              |pfet_03v3 (3)                              
Number of devices: 6                       |Number of devices: 6                       
Number of nets: 8                          |Number of nets: 8                          
---------------------------------------------------------------------------------------
Netlists match uniquely.

Subcircuit pins:
Circuit 1: nand3                           |Circuit 2: nand3                           
-------------------------------------------|-------------------------------------------
VDD                                        |VDD                                        
Z                                          |Z                                          
VSS                                        |VSS                                        
B                                          |B                                          
A                                          |A                                          
C                                          |C                                          
---------------------------------------------------------------------------------------
Cell pin lists are equivalent.
Device classes nand3 and nand3 are equivalent.

Final result: Circuits match uniquely.
.
