
Circuit 1 cell pfet_03v3 and Circuit 2 cell pfet_03v3 are black boxes.
Warning: Equate pins:  cell pfet_03v3 is a placeholder, treated as a black box.
Warning: Equate pins:  cell pfet_03v3 is a placeholder, treated as a black box.

Subcircuit pins:
Circuit 1: pfet_03v3                       |Circuit 2: pfet_03v3                       
-------------------------------------------|-------------------------------------------
1                                          |1                                          
2                                          |2                                          
3                                          |3                                          
4                                          |4                                          
---------------------------------------------------------------------------------------
Cell pin lists are equivalent.
Device classes pfet_03v3 and pfet_03v3 are equivalent.

Circuit 1 cell nfet_03v3 and Circuit 2 cell nfet_03v3 are black boxes.
Warning: Equate pins:  cell nfet_03v3 is a placeholder, treated as a black box.
Warning: Equate pins:  cell nfet_03v3 is a placeholder, treated as a black box.

Subcircuit pins:
Circuit 1: nfet_03v3                       |Circuit 2: nfet_03v3                       
-------------------------------------------|-------------------------------------------
1                                          |1                                          
2                                          |2                                          
3                                          |3                                          
4                                          |4                                          
---------------------------------------------------------------------------------------
Cell pin lists are equivalent.
Device classes nfet_03v3 and nfet_03v3 are equivalent.

Class lvsclean_SAlatch (0):  Merged 55 parallel devices.
Class lvsclean_SAlatch (1):  Merged 7 parallel devices.
Subcircuit summary:
Circuit 1: lvsclean_SAlatch                |Circuit 2: lvsclean_SAlatch                
-------------------------------------------|-------------------------------------------
pfet_03v3 (44->15)                         |pfet_03v3 (18->15)                         
nfet_03v3 (37->11)                         |nfet_03v3 (15->11)                         
Number of devices: 26                      |Number of devices: 26                      
Number of nets: 32                         |Number of nets: 32                         
---------------------------------------------------------------------------------------
Resolving symmetries by property value.
Netlists do not match.
   Networks match locally but not globally.
   Probably connections are swapped.
   Check the end of logfile comp.out for implicated nodes.
NET mismatches: Class fragments follow (with fanout counts):
Circuit 1: lvsclean_SAlatch                |Circuit 2: lvsclean_SAlatch                

---------------------------------------------------------------------------------------
Net: Vq                                    |Net: Vq                                    
  pfet_03v3/(1|3) = 9                      |  pfet_03v3/(1|3) = 9                      
  nfet_03v3/(1|3) = 3                      |  nfet_03v3/(1|3) = 3                      
                                           |                                           
Net: Vp                                    |Net: Vp                                    
  pfet_03v3/(1|3) = 9                      |  pfet_03v3/(1|3) = 9                      
  nfet_03v3/(1|3) = 3                      |  nfet_03v3/(1|3) = 3                      
---------------------------------------------------------------------------------------
Netlists do not match.
Port matching may fail to disambiguate symmetries.
  Flattening non-matched subcircuits lvsclean_SAlatch lvsclean_SAlatch

Subcircuit summary:
Circuit 1: rslatch                         |Circuit 2: rslatch                         
-------------------------------------------|-------------------------------------------
nfet_03v3 (2)                              |nfet_03v3 (2)                              
pfet_03v3 (2)                              |pfet_03v3 (2)                              
Number of devices: 4                       |Number of devices: 4                       
Number of nets: 6                          |Number of nets: 6                          
---------------------------------------------------------------------------------------
Resolving symmetries by property value.
Resolving symmetries by pin name.
Netlists match uniquely.

Subcircuit pins:
Circuit 1: rslatch                         |Circuit 2: rslatch                         
-------------------------------------------|-------------------------------------------
VSS                                        |VSS                                        
VDD                                        |VDD                                        
Vin2                                       |Vin2                                       
Vin1                                       |Vin1                                       
Vout2                                      |Vout2                                      
Vout1                                      |Vout1                                      
---------------------------------------------------------------------------------------
Cell pin lists are equivalent.
Device classes rslatch and rslatch are equivalent.

Subcircuit summary:
Circuit 1: inv_mia                         |Circuit 2: inv_mia                         
-------------------------------------------|-------------------------------------------
pfet_03v3 (1)                              |pfet_03v3 (1)                              
nfet_03v3 (1)                              |nfet_03v3 (1)                              
Number of devices: 2                       |Number of devices: 2                       
Number of nets: 4                          |Number of nets: 4                          
---------------------------------------------------------------------------------------
Netlists match uniquely.

Subcircuit pins:
Circuit 1: inv_mia                         |Circuit 2: inv_mia                         
-------------------------------------------|-------------------------------------------
out                                        |out                                        
in                                         |in                                         
avss                                       |avss                                       
avdd                                       |avdd                                       
---------------------------------------------------------------------------------------
Cell pin lists are equivalent.
Device classes inv_mia and inv_mia are equivalent.

Class osu_sc_buf_4 (0):  Merged 6 parallel devices.
Subcircuit summary:
Circuit 1: osu_sc_buf_4                    |Circuit 2: osu_sc_buf_4                    
-------------------------------------------|-------------------------------------------
pfet_03v3 (5->2)                           |pfet_03v3 (5->2)                           
nfet_03v3 (5->2)                           |nfet_03v3 (5->2)                           
Number of devices: 4                       |Number of devices: 4                       
Number of nets: 5                          |Number of nets: 5                          
---------------------------------------------------------------------------------------
Netlists match uniquely.

Subcircuit pins:
Circuit 1: osu_sc_buf_4                    |Circuit 2: osu_sc_buf_4                    
-------------------------------------------|-------------------------------------------
VDD                                        |VDD                                        
VSS                                        |VSS                                        
A                                          |A                                          
Y                                          |Y                                          
---------------------------------------------------------------------------------------
Cell pin lists are equivalent.
Device classes osu_sc_buf_4 and osu_sc_buf_4 are equivalent.

Class full_comparator (0):  Merged 6 parallel devices.
Subcircuit summary:
Circuit 1: full_comparator                 |Circuit 2: full_comparator                 
-------------------------------------------|-------------------------------------------
pfet_03v3 (16->9)                          |pfet_03v3 (16->15) **Mismatch**            
nfet_03v3 (13->11)                         |nfet_03v3 (13->11)                         
rslatch (1)                                |rslatch (1)                                
inv_mia (2)                                |inv_mia (2)                                
osu_sc_buf_4 (1)                           |osu_sc_buf_4 (1)                           
Number of devices: 24 **Mismatch**         |Number of devices: 30 **Mismatch**         
Number of nets: 35 **Mismatch**            |Number of nets: 37 **Mismatch**            
---------------------------------------------------------------------------------------
NET mismatches: Class fragments follow (with fanout counts):
Circuit 1: full_comparator                 |Circuit 2: full_comparator                 

---------------------------------------------------------------------------------------
Net: x1/off7                               |Net: off3                                  
  pfet_03v3/2 = 1                          |  pfet_03v3/2 = 1                          
                                           |                                           
Net: x1/off4                               |Net: off2                                  
  pfet_03v3/2 = 1                          |  pfet_03v3/2 = 1                          
                                           |                                           
Net: x2/VDD                                |Net: off1                                  
  rslatch/VDD = 1                          |  pfet_03v3/2 = 1                          
                                           |                                           
Net: x3/avdd                               |Net: off8                                  
  inv_mia/avdd = 1                         |  pfet_03v3/2 = 1                          
                                           |                                           
Net: x5/avdd                               |Net: off7                                  
  inv_mia/avdd = 1                         |  pfet_03v3/2 = 1                          
                                           |                                           
Net: x4/VDD                                |Net: off6                                  
  osu_sc_buf_4/VDD = 1                     |  pfet_03v3/2 = 1                          
                                           |                                           
Net: x1/VDD                                |Net: off4                                  
  pfet_03v3/(1|3) = 7                      |  pfet_03v3/2 = 1                          
  pfet_03v3/4 = 9                          |                                           
                                           |                                           
Net: lvsclean_SAlatch:x1/Vq                |Net: off5                                  
  pfet_03v3/(1|3) = 3                      |  pfet_03v3/2 = 1                          
  nfet_03v3/(1|3) = 3                      |                                           
                                           |                                           
Net: lvsclean_SAlatch:x1/Vp                |Net: VDD                                   
  pfet_03v3/(1|3) = 3                      |  pfet_03v3/(1|3) = 7                      
  nfet_03v3/(1|3) = 3                      |  pfet_03v3/4 = 15                         
                                           |  rslatch/VDD = 1                          
                                           |  osu_sc_buf_4/VDD = 1                     
                                           |  inv_mia/avdd = 2                         
                                           |                                           
(no matching net)                          |Net: lvsclean_SAlatch:1/Vp                 
                                           |  pfet_03v3/(1|3) = 9                      
                                           |  nfet_03v3/(1|3) = 3                      
                                           |                                           
(no matching net)                          |Net: lvsclean_SAlatch:1/Vq                 
                                           |  pfet_03v3/(1|3) = 9                      
                                           |  nfet_03v3/(1|3) = 3                      
---------------------------------------------------------------------------------------
DEVICE mismatches: Class fragments follow (with node fanout counts):
Circuit 1: full_comparator                 |Circuit 2: full_comparator                 

---------------------------------------------------------------------------------------
Instance: lvsclean_SAlatch:x1/pfet_03v3:2  |Instance: lvsclean_SAlatch:1/pfet_03v3:M12 
  (1,3) = (6,6)                            |  (1,3) = (12,12)                          
  2 = 1                                    |  2 = 1                                    
  4 = 16                                   |  4 = 26                                   
                                           |                                           
Instance: lvsclean_SAlatch:x1/pfet_03v3:6  |Instance: lvsclean_SAlatch:1/pfet_03v3:M13 
  (1,3) = (6,6)                            |  (1,3) = (12,12)                          
  2 = 1                                    |  2 = 1                                    
  4 = 16                                   |  4 = 26                                   
                                           |                                           
(no matching instance)                     |Instance: lvsclean_SAlatch:1/pfet_03v3:M14 
                                           |  (1,3) = (12,12)                          
                                           |  2 = 1                                    
                                           |  4 = 26                                   
                                           |                                           
                                           |                                           
(no matching instance)                     |Instance: lvsclean_SAlatch:1/pfet_03v3:M15 
                                           |  (1,3) = (12,12)                          
                                           |  2 = 1                                    
                                           |  4 = 26                                   
                                           |                                           
                                           |                                           
(no matching instance)                     |Instance: lvsclean_SAlatch:1/pfet_03v3:M16 
                                           |  (1,3) = (12,12)                          
                                           |  2 = 1                                    
                                           |  4 = 26                                   
                                           |                                           
                                           |                                           
(no matching instance)                     |Instance: lvsclean_SAlatch:1/pfet_03v3:M17 
                                           |  (1,3) = (12,12)                          
                                           |  2 = 1                                    
                                           |  4 = 26                                   
                                           |                                           
                                           |                                           
(no matching instance)                     |Instance: lvsclean_SAlatch:1/pfet_03v3:M18 
                                           |  (1,3) = (12,12)                          
                                           |  2 = 1                                    
                                           |  4 = 26                                   
                                           |                                           
                                           |                                           
(no matching instance)                     |Instance: lvsclean_SAlatch:1/pfet_03v3:M19 
                                           |  (1,3) = (12,12)                          
                                           |  2 = 1                                    
                                           |  4 = 26                                   
                                           |                                           
---------------------------------------------------------------------------------------
Netlists do not match.
Port matching may fail to disambiguate symmetries.

Subcircuit pins:
Circuit 1: full_comparator                 |Circuit 2: full_comparator                 
-------------------------------------------|-------------------------------------------
Vout                                       |Vout                                       
Vin2                                       |Vin2                                       
Vin1                                       |Vin1                                       
out                                        |(no pin, node is inv2)                     
in                                         |(no pin, node is out1)                     
CLK                                        |CLK                                        
(no pin, node is lvsclean_SAlatch:x1/Vp)   |off1                                       
(no pin, node is lvsclean_SAlatch:x1/Vp)   |VDD                                        
(no pin, node is VSUBS)                    |VSS                                        
(no pin, node is lvsclean_SAlatch:x1/Vp)   |off2                                       
(no pin, node is lvsclean_SAlatch:x1/Vp)   |off3                                       
(no pin, node is lvsclean_SAlatch:x1/Vp)   |off4                                       
(no pin, node is lvsclean_SAlatch:x1/Vp)   |off5                                       
(no pin, node is lvsclean_SAlatch:x1/Vp)   |off6                                       
(no pin, node is lvsclean_SAlatch:x1/Vp)   |off7                                       
(no pin, node is lvsclean_SAlatch:x1/Vp)   |off8                                       
---------------------------------------------------------------------------------------
Cell pin lists for full_comparator and full_comparator altered to match.
Device classes full_comparator and full_comparator are equivalent.

Final result: Top level cell failed pin matching.
