
Circuit 1 cell nfet_03v3 and Circuit 2 cell nfet_03v3 are black boxes.
Warning: Equate pins:  cell nfet_03v3 is a placeholder, treated as a black box.
Warning: Equate pins:  cell nfet_03v3 is a placeholder, treated as a black box.

Subcircuit pins:
Circuit 1: nfet_03v3                       |Circuit 2: nfet_03v3                       
-------------------------------------------|-------------------------------------------
1                                          |1                                          
2                                          |2                                          
3                                          |3                                          
4                                          |4                                          
---------------------------------------------------------------------------------------
Cell pin lists are equivalent.
Device classes nfet_03v3 and nfet_03v3 are equivalent.

Circuit 1 cell pfet_03v3 and Circuit 2 cell pfet_03v3 are black boxes.
Warning: Equate pins:  cell pfet_03v3 is a placeholder, treated as a black box.
Warning: Equate pins:  cell pfet_03v3 is a placeholder, treated as a black box.

Subcircuit pins:
Circuit 1: pfet_03v3                       |Circuit 2: pfet_03v3                       
-------------------------------------------|-------------------------------------------
1                                          |1                                          
2                                          |2                                          
3                                          |3                                          
4                                          |4                                          
---------------------------------------------------------------------------------------
Cell pin lists are equivalent.
Device classes pfet_03v3 and pfet_03v3 are equivalent.

Class gf180mcu_osu_sc_gp9t3v3__buf_2 (0):  Merged 2 parallel devices.
Subcircuit summary:
Circuit 1: gf180mcu_osu_sc_gp9t3v3__buf_2  |Circuit 2: gf180mcu_osu_sc_gp9t3v3__buf_2  
-------------------------------------------|-------------------------------------------
nfet_03v3 (3->2)                           |nfet_03v3 (3->2)                           
pfet_03v3 (3->2)                           |pfet_03v3 (3->2)                           
Number of devices: 4                       |Number of devices: 4                       
Number of nets: 5                          |Number of nets: 5                          
---------------------------------------------------------------------------------------
Netlists match uniquely.

Subcircuit pins:
Circuit 1: gf180mcu_osu_sc_gp9t3v3__buf_2  |Circuit 2: gf180mcu_osu_sc_gp9t3v3__buf_2  
-------------------------------------------|-------------------------------------------
A                                          |A                                          
Y                                          |Y                                          
VDD                                        |VDD                                        
VSS                                        |VSS                                        
---------------------------------------------------------------------------------------
Cell pin lists are equivalent.
Device classes gf180mcu_osu_sc_gp9t3v3__buf_2 and gf180mcu_osu_sc_gp9t3v3__buf_2 are equivalent.

Final result: Circuits match uniquely.
.
